Sending build context to Docker daemon  264.7kB
Step 1/6 : FROM alpine
 ---> 28f6e2705743
Step 2/6 : RUN	apk update && 	apk add mariadb mariadb-client && 	apk add	telegraf
 ---> Running in 25d4d4c557d1
fetch https://dl-cdn.alpinelinux.org/alpine/v3.13/main/x86_64/APKINDEX.tar.gz
fetch https://dl-cdn.alpinelinux.org/alpine/v3.13/community/x86_64/APKINDEX.tar.gz
v3.13.2-105-g4e9e4fc875 [https://dl-cdn.alpinelinux.org/alpine/v3.13/main]
v3.13.2-106-g54cefe59f4 [https://dl-cdn.alpinelinux.org/alpine/v3.13/community]
OK: 13878 distinct packages available
(1/16) Installing mariadb-common (10.5.8-r0)
(2/16) Installing libaio (0.3.112-r1)
(3/16) Installing ca-certificates (20191127-r5)
(4/16) Installing brotli-libs (1.0.9-r3)
(5/16) Installing nghttp2-libs (1.42.0-r1)
(6/16) Installing libcurl (7.74.0-r1)
(7/16) Installing libgcc (10.2.1_pre1-r3)
(8/16) Installing xz-libs (5.2.5-r0)
(9/16) Installing ncurses-terminfo-base (6.2_p20210109-r0)
(10/16) Installing ncurses-libs (6.2_p20210109-r0)
(11/16) Installing linux-pam (1.5.1-r0)
(12/16) Installing pcre2 (10.36-r0)
(13/16) Installing libstdc++ (10.2.1_pre1-r3)
(14/16) Installing libxml2 (2.9.10-r6)
(15/16) Installing mariadb (10.5.8-r0)
Executing mariadb-10.5.8-r0.pre-install
(16/16) Installing mariadb-client (10.5.8-r0)
Executing busybox-1.32.1-r3.trigger
Executing ca-certificates-20191127-r5.trigger
OK: 178 MiB in 30 packages
(1/1) Installing telegraf (1.17.0-r0)
Executing telegraf-1.17.0-r0.pre-install
Executing busybox-1.32.1-r3.trigger
OK: 267 MiB in 31 packages
Removing intermediate container 25d4d4c557d1
 ---> a648c39ab8eb
Step 3/6 : COPY srcs /srcs
 ---> 08ecb20ab594
Step 4/6 : RUN sh srcs/setup.sh
 ---> Running in f9bbb3d1bf9f
Removing intermediate container f9bbb3d1bf9f
 ---> 8d8dd41d0416
Step 5/6 : ENTRYPOINT sh srcs/run.sh
 ---> Running in 862eb53d5038
Removing intermediate container 862eb53d5038
 ---> 6d50879b2b89
Step 6/6 : EXPOSE 3306
 ---> Running in 1cce20114e1c
Removing intermediate container 1cce20114e1c
 ---> 68a38f5f274c
Successfully built 68a38f5f274c
Successfully tagged mysql-local:latest
service/mysql-svc created
persistentvolumeclaim/mysql-claim created
deployment.apps/mysql created
