Sending build context to Docker daemon  120.8kB
Step 1/6 : FROM alpine
 ---> 28f6e2705743
Step 2/6 : RUN apk update && 	apk add nginx && 	apk add openssl && 	apk add telegraf
 ---> Running in e39248c13a52
fetch https://dl-cdn.alpinelinux.org/alpine/v3.13/main/x86_64/APKINDEX.tar.gz
fetch https://dl-cdn.alpinelinux.org/alpine/v3.13/community/x86_64/APKINDEX.tar.gz
v3.13.2-105-g4e9e4fc875 [https://dl-cdn.alpinelinux.org/alpine/v3.13/main]
v3.13.2-106-g54cefe59f4 [https://dl-cdn.alpinelinux.org/alpine/v3.13/community]
OK: 13878 distinct packages available
(1/2) Installing pcre (8.44-r0)
(2/2) Installing nginx (1.18.0-r13)
Executing nginx-1.18.0-r13.pre-install
Executing nginx-1.18.0-r13.post-install
Executing busybox-1.32.1-r3.trigger
OK: 7 MiB in 16 packages
(1/1) Installing openssl (1.1.1j-r0)
Executing busybox-1.32.1-r3.trigger
OK: 8 MiB in 17 packages
(1/1) Installing telegraf (1.17.0-r0)
Executing telegraf-1.17.0-r0.pre-install
Executing busybox-1.32.1-r3.trigger
OK: 97 MiB in 18 packages
Removing intermediate container e39248c13a52
 ---> 4c19d702a068
Step 3/6 : COPY srcs /srcs
 ---> 6ff13e69615c
Step 4/6 : RUN sh srcs/setup.sh
 ---> Running in 16d01f5ef323
[91mGenerating RSA private key, 2048 bit long modulus (2 primes)
[0m[91m.[0m[91m.[0m[91m.[0m[91m.[0m[91m.[0m[91m.[0m[91m+[0m[91m+[0m[91m+[0m[91m+[0m[91m+[0m[91m
[0m[91m.[0m[91m.[0m[91m.[0m[91m.[0m[91m.[0m[91m.[0m[91m.[0m[91m.[0m[91m.[0m[91m.[0m[91m.[0m[91m.[0m[91m.[0m[91m.[0m[91m.[0m[91m.[0m[91m.[0m[91m.[0m[91m.[0m[91m.[0m[91m.[0m[91m.[0m[91m.[0m[91m.[0m[91m.[0m[91m.[0m[91m.[0m[91m.[0m[91m.[0m[91m.[0m[91m.[0m[91m.[0m[91m.[0m[91m.[0m[91m.[0m[91m.[0m[91m.[0m[91m.[0m[91m.[0m[91m.[0m[91m.[0m[91m.[0m[91m.[0m[91m.[0m[91m.[0m[91m.[0m[91m.[0m[91m.[0m[91m.[0m[91m.[0m[91m.[0m[91m.[0m[91m.[0m[91m.[0m[91m.[0m[91m.[0m[91m.[0m[91m.[0m[91m.[0m[91m.[0m[91m.[0m[91m.[0m[91m.[0m[91m.[0m[91m.[0m[91m.[0m[91m.[0m[91m.[0m[91m.[0m[91m.[0m[91m.[0m[91m.[0m[91m.[0m[91m.[0m[91m.[0m[91m+[0m[91m+[0m[91m+[0m[91m+[0m[91m+[0m[91m
[0m[91me is 65537 (0x010001)
[0m[91mwriting RSA key
[0m[91mYou are about to be asked to enter information that will be incorporated
into your certificate request.
What you are about to enter is what is called a Distinguished Name or a DN.
There are quite a few fields but you can leave some blank
For some fields there will be a default value,
If you enter '.', the field will be left blank.
-----
Country Name (2 letter code) [AU]:[0m[91mState or Province Name (full name) [Some-State]:Locality Name (eg, city) []:Organization Name (eg, company) [Internet Widgits Pty Ltd]:Organizational Unit Name (eg, section) []:Common Name (e.g. server FQDN or YOUR name) []:Email Address []:
Please enter the following 'extra' attributes
to be sent with your certificate request
A challenge password []:An optional company name []:[0m[91mSignature ok
subject=C = FR, ST = IDF, L = Paris, O = 42, OU = IT, CN = abenoit, emailAddress = abenoit@student.42.fr
[0m[91mGetting Private key
[0mRemoving intermediate container 16d01f5ef323
 ---> 893db67db788
Step 5/6 : CMD sh srcs/run.sh
 ---> Running in 992ecd6b5094
Removing intermediate container 992ecd6b5094
 ---> 1c2f62c46bbf
Step 6/6 : EXPOSE 80 443
 ---> Running in 231640d2ac46
Removing intermediate container 231640d2ac46
 ---> 4b5b6fc31f6a
Successfully built 4b5b6fc31f6a
Successfully tagged nginx-local:latest
service/nginx-svc created
deployment.apps/nginx created
