Sending build context to Docker daemon  16.38kB
Step 1/6 : FROM alpine
 ---> 28f6e2705743
Step 2/6 : RUN apk update && 	apk add vsftpd && 	apk add openssl && 	apk add telegraf
 ---> Running in 958cffd9592d
fetch https://dl-cdn.alpinelinux.org/alpine/v3.13/main/x86_64/APKINDEX.tar.gz
fetch https://dl-cdn.alpinelinux.org/alpine/v3.13/community/x86_64/APKINDEX.tar.gz
v3.13.2-58-ge3f19cedc6 [https://dl-cdn.alpinelinux.org/alpine/v3.13/main]
v3.13.2-57-gb49ace1568 [https://dl-cdn.alpinelinux.org/alpine/v3.13/community]
OK: 13877 distinct packages available
(1/3) Installing libcap (2.46-r0)
(2/3) Installing linux-pam (1.5.1-r0)
(3/3) Installing vsftpd (3.0.3-r6)
Executing vsftpd-3.0.3-r6.pre-install
Executing busybox-1.32.1-r3.trigger
OK: 7 MiB in 17 packages
(1/1) Installing openssl (1.1.1j-r0)
Executing busybox-1.32.1-r3.trigger
OK: 8 MiB in 18 packages
(1/1) Installing telegraf (1.17.0-r0)
Executing telegraf-1.17.0-r0.pre-install
Executing busybox-1.32.1-r3.trigger
OK: 97 MiB in 19 packages
Removing intermediate container 958cffd9592d
 ---> 35153472117f
Step 3/6 : COPY ftp /ftp
 ---> 2f16e3b423d7
Step 4/6 : RUN	sh ftp/ftp_setup.sh
 ---> Running in 78fc5b6169f7
[91mGenerating a RSA private key
[0m[91m.[0m[91m.[0m[91m.[0m[91m.[0m[91m.[0m[91m.[0m[91m.[0m[91m.[0m[91m.[0m[91m.[0m[91m.[0m[91m.[0m[91m.[0m[91m.[0m[91m.[0m[91m.[0m[91m.[0m[91m.[0m[91m.[0m[91m.[0m[91m.[0m[91m.[0m[91m.[0m[91m.[0m[91m.[0m[91m.[0m[91m.[0m[91m.[0m[91m.[0m[91m.[0m[91m.[0m[91m.[0m[91m.[0m[91m.[0m[91m.[0m[91m.[0m[91m.[0m[91m.[0m[91m.[0m[91m.[0m[91m.[0m[91m.[0m[91m.[0m[91m.[0m[91m.[0m[91m.[0m[91m.[0m[91m.[0m[91m.[0m[91m.[0m[91m.[0m[91m.[0m[91m.[0m[91m.[0m[91m.[0m[91m.[0m[91m.[0m[91m.[0m[91m.[0m[91m.[0m[91m.[0m[91m.[0m[91m.[0m[91m.[0m[91m.[0m[91m.[0m[91m.[0m[91m.[0m[91m.[0m[91m.[0m[91m.[0m[91m.[0m[91m+[0m[91m+[0m[91m+[0m[91m+[0m[91m+
[0m[91m.[0m[91m.[0m[91m.[0m[91m.[0m[91m.[0m[91m.[0m[91m.[0m[91m.[0m[91m.[0m[91m.[0m[91m.[0m[91m.[0m[91m.[0m[91m.[0m[91m.[0m[91m.[0m[91m.[0m[91m.[0m[91m.[0m[91m.[0m[91m.[0m[91m.[0m[91m.[0m[91m.[0m[91m.[0m[91m.[0m[91m.[0m[91m.[0m[91m.[0m[91m.[0m[91m.[0m[91m.[0m[91m.[0m[91m.[0m[91m.[0m[91m.[0m[91m.[0m[91m.[0m[91m.[0m[91m+[0m[91m+[0m[91m+[0m[91m+[0m[91m+[0m[91m
[0m[91mwriting new private key to '/etc/vsftpd/ssl/vsftpd.key'
[0m[91m-----
[0m[91madduser: /home/ftp/ftpuser: No such file or directory
[0mChanging password for ftpuser
New password: 
Bad password: too weak
Retype password: 
Passwords don't match
[91mpasswd: password for ftpuser is unchanged
[0mRemoving intermediate container 78fc5b6169f7
 ---> 0df6fa45a93b
Step 5/6 : ENTRYPOINT sh ftp/run.sh
 ---> Running in 06156a3df23a
Removing intermediate container 06156a3df23a
 ---> 870c4f2ee1ed
Step 6/6 : EXPOSE 20 21 21000-21003
 ---> Running in 4a2a412f781d
Removing intermediate container 4a2a412f781d
 ---> 0df7ed460b37
Successfully built 0df7ed460b37
Successfully tagged ftps-local:latest
service/ftps-svc created
persistentvolumeclaim/ftps-claim created
deployment.apps/ftps-deployment created
