Sending build context to Docker daemon  24.58kB
Step 1/6 : FROM alpine
 ---> 28f6e2705743
Step 2/6 : RUN apk update && 	apk add nginx && 	apk add php7 php7-fpm php7-opcache php7-gd php7-mysqli     	php7-zlib php7-curl php7-mbstring php7-json php7-session && 	apk add phpmyadmin && 	apk add openssl && 	apk add telegraf
 ---> Running in b07bdae194d6
fetch https://dl-cdn.alpinelinux.org/alpine/v3.13/main/x86_64/APKINDEX.tar.gz
fetch https://dl-cdn.alpinelinux.org/alpine/v3.13/community/x86_64/APKINDEX.tar.gz
v3.13.2-58-ge3f19cedc6 [https://dl-cdn.alpinelinux.org/alpine/v3.13/main]
v3.13.2-57-gb49ace1568 [https://dl-cdn.alpinelinux.org/alpine/v3.13/community]
OK: 13877 distinct packages available
(1/2) Installing pcre (8.44-r0)
(2/2) Installing nginx (1.18.0-r13)
Executing nginx-1.18.0-r13.pre-install
Executing nginx-1.18.0-r13.post-install
Executing busybox-1.32.1-r3.trigger
OK: 7 MiB in 16 packages
(1/40) Installing php7-common (7.4.15-r0)
(2/40) Installing argon2-libs (20190702-r1)
(3/40) Installing ncurses-terminfo-base (6.2_p20210109-r0)
(4/40) Installing ncurses-libs (6.2_p20210109-r0)
(5/40) Installing libedit (20191231.3.1-r1)
(6/40) Installing pcre2 (10.36-r0)
(7/40) Installing xz-libs (5.2.5-r0)
(8/40) Installing libxml2 (2.9.10-r6)
(9/40) Installing php7 (7.4.15-r0)
(10/40) Installing ca-certificates (20191127-r5)
(11/40) Installing brotli-libs (1.0.9-r3)
(12/40) Installing nghttp2-libs (1.42.0-r1)
(13/40) Installing libcurl (7.74.0-r1)
(14/40) Installing php7-curl (7.4.15-r0)
(15/40) Installing php7-fpm (7.4.15-r0)
(16/40) Installing libxau (1.0.9-r0)
(17/40) Installing libbsd (0.10.0-r0)
(18/40) Installing libxdmcp (1.1.3-r0)
(19/40) Installing libxcb (1.14-r1)
(20/40) Installing libx11 (1.7.0-r0)
(21/40) Installing libxext (1.3.4-r0)
(22/40) Installing libice (1.0.10-r0)
(23/40) Installing libuuid (2.36.1-r1)
(24/40) Installing libsm (1.2.3-r0)
(25/40) Installing libxt (1.2.1-r0)
(26/40) Installing libxpm (3.5.13-r0)
(27/40) Installing libbz2 (1.0.8-r1)
(28/40) Installing libpng (1.6.37-r1)
(29/40) Installing freetype (2.10.4-r1)
(30/40) Installing libjpeg-turbo (2.0.6-r0)
(31/40) Installing libwebp (1.1.0-r0)
(32/40) Installing php7-gd (7.4.15-r0)
(33/40) Installing php7-json (7.4.15-r0)
(34/40) Installing oniguruma (6.9.6-r0)
(35/40) Installing php7-mbstring (7.4.15-r0)
(36/40) Installing php7-openssl (7.4.15-r0)
(37/40) Installing php7-mysqlnd (7.4.15-r0)
(38/40) Installing php7-mysqli (7.4.15-r0)
(39/40) Installing php7-opcache (7.4.15-r0)
(40/40) Installing php7-session (7.4.15-r0)
Executing busybox-1.32.1-r3.trigger
Executing ca-certificates-20191127-r5.trigger
OK: 32 MiB in 56 packages
(1/5) Installing php7-bz2 (7.4.15-r0)
(2/5) Installing php7-ctype (7.4.15-r0)
(3/5) Installing libzip (1.7.3-r2)
(4/5) Installing php7-zip (7.4.15-r0)
(5/5) Installing phpmyadmin (5.0.4-r0)
Executing phpmyadmin-5.0.4-r0.post-install
[91m*
* phpmyadmin has been installed to:
*     /usr/share/webapps/phpmyadmin
* phpmyadmin config file has been installed to:
*     /etc/phpmyadmin/config.inc.php
* If you use apache2:
[0m[91m*     1) Change the ownership of the config directory:
*            chown -R apache:apache /etc/phpmyadmin
*     2) See if you need to modify the apache2 config:
*            /etc/apache2/conf.d/phpmyadmin.conf
[0m[91m*     3) Restart apache2 when done.
*
[0mOK: 87 MiB in 61 packages
(1/1) Installing openssl (1.1.1j-r0)
Executing busybox-1.32.1-r3.trigger
OK: 88 MiB in 62 packages
(1/1) Installing telegraf (1.17.0-r0)
Executing telegraf-1.17.0-r0.pre-install
Executing busybox-1.32.1-r3.trigger
OK: 177 MiB in 63 packages
Removing intermediate container b07bdae194d6
 ---> 8aba8910013e
Step 3/6 : COPY pma_config /pma_config
 ---> 40abec2293d2
Step 4/6 : RUN sh /pma_config/pma_setup.sh
 ---> Running in 17e627541aaa
Removing intermediate container 17e627541aaa
 ---> 7d854e02674c
Step 5/6 : ENTRYPOINT sh pma_config/run.sh
 ---> Running in f1585d084eac
Removing intermediate container f1585d084eac
 ---> dc42cb03b6fe
Step 6/6 : EXPOSE 5000
 ---> Running in 443edc858950
Removing intermediate container 443edc858950
 ---> 257feb9642ad
Successfully built 257feb9642ad
Successfully tagged pma-local:latest
service/pma-svc created
deployment.apps/pma-deployment created
